<?xml version="1.0" encoding="UTF-8"?>
<!-- Generated by org.testng.reporters.JUnitReportReporter -->
<testsuite skipped="0" hostname="DESKTOP-IFNGNHD" name="qsp.DemoA" tests="1" failures="0" timestamp="29 Nov 2018 08:18:28 GMT" time="0.013" errors="0">
  <testcase name="testA" time="0.013" classname="qsp.DemoA"/>
</testsuite> <!-- qsp.DemoA -->
