<?xml version="1.0" encoding="UTF-8"?>
<!-- Generated by org.testng.reporters.JUnitReportReporter -->
<testsuite skipped="0" hostname="DESKTOP-IFNGNHD" name="qsp.PriorityTest" tests="2" failures="0" timestamp="30 Nov 2018 03:48:20 GMT" time="0.016" errors="0">
  <testcase name="registeruser" time="0.014" classname="qsp.PriorityTest"/>
  <testcase name="deleteuser" time="0.002" classname="qsp.PriorityTest"/>
</testsuite> <!-- qsp.PriorityTest -->
